2022/05/09 13:34:32 {"callers":["/Users/xizhao/my-code/my-go-workspace/go-programming-tour/blog-service/main.go: 22 main.init.0"],"level":"info","message":"test: go-programming-tour-book/blog-service","time":1652074472429755000}
2022/05/09 14:09:52 {"callers":["/Users/xizhao/my-code/my-go-workspace/go-programming-tour/blog-service/main.go: 23 main.init.0"],"level":"info","message":"test: go-programming-tour-book/blog-service","time":1652076592972789000}
2022/05/09 14:21:29 {"callers":["/Users/xizhao/my-code/my-go-workspace/go-programming-tour/blog-service/main.go: 23 main.init.0"],"level":"info","message":"test: go-programming-tour-book/blog-service","time":1652077289365692000}
2022/05/09 14:28:59 {"callers":["/Users/xizhao/my-code/my-go-workspace/go-programming-tour/blog-service/main.go: 23 main.init.0"],"level":"info","message":"test: go-programming-tour-book/blog-service","time":1652077739230668000}
2022/05/09 14:32:10 {"callers":["/Users/xizhao/my-code/my-go-workspace/go-programming-tour/blog-service/main.go: 23 main.init.0"],"level":"info","message":"test: go-programming-tour-book/blog-service","time":1652077930089672000}
2022/05/09 14:35:18 {"callers":["/Users/xizhao/my-code/my-go-workspace/go-programming-tour/blog-service/main.go: 23 main.init.0"],"level":"info","message":"test: go-programming-tour-book/blog-service","time":1652078118147811000}
2022/05/09 16:14:29 {"callers":["/Users/xizhao/my-code/my-go-workspace/go-programming-tour/blog-service/main.go: 23 main.init.0"],"level":"info","message":"test: go-programming-tour-book/blog-service","time":1652084069961146000}
2022/05/09 16:26:51 {"callers":["/Users/xizhao/my-code/my-go-workspace/go-programming-tour/blog-service/main.go: 23 main.init.0"],"level":"info","message":"test: go-programming-tour-book/blog-service","time":1652084811404455000}
2022/05/09 16:28:37 {"callers":["/Users/xizhao/my-code/my-go-workspace/go-programming-tour/blog-service/main.go: 23 main.init.0"],"level":"error","message":"app.BindAndValid errs: State必须是[0 1]中的一个","time":1652084917256203000}
2022/05/09 16:30:28 {"callers":["/Users/xizhao/my-code/my-go-workspace/go-programming-tour/blog-service/main.go: 23 main.init.0"],"level":"error","message":"app.BindAndValid errs: State必须是[0 1]中的一个","time":1652085028163538000}
2022/05/09 16:32:11 {"callers":["/Users/xizhao/my-code/my-go-workspace/go-programming-tour/blog-service/main.go: 23 main.init.0"],"level":"error","message":"app.BindAndValid errs: State必须是[0 1]中的一个","time":1652085131825745000}
2022/05/09 16:32:26 {"callers":["/Users/xizhao/my-code/my-go-workspace/go-programming-tour/blog-service/main.go: 23 main.init.0"],"level":"error","message":"app.BindAndValid errs: State必须是[0 1]中的一个","time":1652085146475526000}
2022/05/09 16:32:50 {"callers":["/Users/xizhao/my-code/my-go-workspace/go-programming-tour/blog-service/main.go: 23 main.init.0"],"level":"info","message":"test: go-programming-tour-book/blog-service","time":1652085170466185000}
2022/05/09 16:35:12 {"callers":["/Users/xizhao/my-code/my-go-workspace/go-programming-tour/blog-service/main.go: 23 main.init.0"],"level":"info","message":"test: go-programming-tour-book/blog-service","time":1652085312875914000}
2022/05/09 19:37:40 {"callers":["/Users/xizhao/my-code/my-go-workspace/go-programming-tour/blog-service/main.go: 23 main.init.0"],"level":"info","message":"test: go-programming-tour-book/blog-service","time":1652096260743575000}
2022/05/09 19:48:21 {"callers":["/Users/xizhao/my-code/my-go-workspace/go-programming-tour/blog-service/main.go: 23 main.init.0"],"level":"error","message":"app.BindAndValid errs: Name长度必须至少为3个字符","time":1652096901038566000}
2022/05/09 19:48:47 {"callers":["/Users/xizhao/my-code/my-go-workspace/go-programming-tour/blog-service/main.go: 23 main.init.0"],"level":"error","message":"svc.CreateTag err: Error 1054: Unknown column 'create_on' in 'field list'","time":1652096927818177000}
2022/05/09 19:50:33 {"callers":["/Users/xizhao/my-code/my-go-workspace/go-programming-tour/blog-service/main.go: 23 main.init.0"],"level":"info","message":"test: go-programming-tour-book/blog-service","time":1652097033829262000}
2022/05/09 19:50:41 {"callers":["/Users/xizhao/my-code/my-go-workspace/go-programming-tour/blog-service/main.go: 23 main.init.0"],"level":"error","message":"svc.CreateTag err: Error 1054: Unknown column 'create_on' in 'field list'","time":1652097041971843000}
2022/05/09 19:51:53 {"callers":["/Users/xizhao/my-code/my-go-workspace/go-programming-tour/blog-service/main.go: 23 main.init.0"],"level":"info","message":"test: go-programming-tour-book/blog-service","time":1652097113627188000}
2022/05/09 19:53:56 {"callers":["/Users/xizhao/my-code/my-go-workspace/go-programming-tour/blog-service/main.go: 23 main.init.0"],"level":"error","message":"app.BindAndValid errs: Name长度必须至少为3个字符","time":1652097236041559000}
2022/05/09 19:55:38 {"callers":["/Users/xizhao/my-code/my-go-workspace/go-programming-tour/blog-service/main.go: 23 main.init.0"],"level":"error","message":"app.BindAndValid errs: State为必填字段,Name长度必须至少为3个字符","time":1652097338250812000}
2022/05/09 19:57:06 {"callers":["/Users/xizhao/my-code/my-go-workspace/go-programming-tour/blog-service/main.go: 23 main.init.0"],"level":"error","message":"app.BindAndValid errs: Name长度必须至少为3个字符,State为必填字段","time":1652097426547315000}
2022/05/09 19:58:33 {"callers":["/Users/xizhao/my-code/my-go-workspace/go-programming-tour/blog-service/main.go: 23 main.init.0"],"level":"error","message":"app.BindAndValid errs: Name长度必须至少为3个字符,State为必填字段","time":1652097513248214000}
2022/05/09 20:03:16 {"callers":["/Users/xizhao/my-code/my-go-workspace/go-programming-tour/blog-service/main.go: 23 main.init.0"],"level":"error","message":"app.BindAndValid errs: Name长度必须至少为3个字符,State为必填字段","time":1652097796190313000}
2022/05/09 20:04:22 {"callers":["/Users/xizhao/my-code/my-go-workspace/go-programming-tour/blog-service/main.go: 23 main.init.0"],"level":"error","message":"app.BindAndValid errs: State为必填字段","time":1652097862475043000}
2022/05/09 20:10:34 {"callers":["/Users/xizhao/my-code/my-go-workspace/go-programming-tour/blog-service/main.go: 23 main.init.0"],"level":"info","message":"test: go-programming-tour-book/blog-service","time":1652098234119318000}
2022/05/09 20:10:45 {"callers":["/Users/xizhao/my-code/my-go-workspace/go-programming-tour/blog-service/main.go: 23 main.init.0"],"level":"error","message":"app.BindAndValid errs: Name长度必须至少为3个字符,State为必填字段","time":1652098245218999000}
2022/05/09 20:11:57 {"callers":["/Users/xizhao/my-code/my-go-workspace/go-programming-tour/blog-service/main.go: 23 main.init.0"],"level":"error","message":"app.BindAndValid errs: State必须是[0 1]中的一个","time":1652098317733224000}
2022/05/09 20:12:12 {"callers":["/Users/xizhao/my-code/my-go-workspace/go-programming-tour/blog-service/main.go: 23 main.init.0"],"level":"error","message":"svc.UpdateTag err: sql: expected 7 arguments, got 6","time":1652098332056871000}
2022/05/09 20:38:18 {"callers":["/Users/xizhao/my-code/my-go-workspace/go-programming-tour/blog-service/main.go: 23 main.init.0"],"level":"info","message":"test: go-programming-tour-book/blog-service","time":1652099898408122000}
2022/05/09 20:58:47 {"callers":["/Users/xizhao/my-code/my-go-workspace/go-programming-tour/blog-service/main.go: 23 main.init.0"],"level":"info","message":"test: go-programming-tour-book/blog-service","time":1652101127073884000}
2022/05/09 20:59:18 {"callers":["/Users/xizhao/my-code/my-go-workspace/go-programming-tour/blog-service/main.go: 23 main.init.0"],"level":"error","message":"app.BindAndValid errs: State为必填字段","time":1652101158942108000}
2022/05/09 21:01:42 {"callers":["/Users/xizhao/my-code/my-go-workspace/go-programming-tour/blog-service/main.go: 23 main.init.0"],"level":"error","message":"app.BindAndValid errs: State为必填字段","time":1652101302661028000}
2022/05/09 21:03:16 {"callers":["/Users/xizhao/my-code/my-go-workspace/go-programming-tour/blog-service/main.go: 23 main.init.0"],"level":"error","message":"app.BindAndValid errs: State为必填字段","time":1652101396180888000}
2022/05/09 21:03:27 {"callers":["/Users/xizhao/my-code/my-go-workspace/go-programming-tour/blog-service/main.go: 23 main.init.0"],"level":"error","message":"app.BindAndValid errs: State为必填字段","time":1652101407016949000}
2022/05/09 21:05:11 {"callers":["/Users/xizhao/my-code/my-go-workspace/go-programming-tour/blog-service/main.go: 23 main.init.0"],"level":"error","message":"app.BindAndValid errs: State必须是[0 1]中的一个","time":1652101511402283000}
2022/05/09 21:05:22 {"callers":["/Users/xizhao/my-code/my-go-workspace/go-programming-tour/blog-service/main.go: 23 main.init.0"],"level":"info","message":"test: go-programming-tour-book/blog-service","time":1652101522339256000}
2022/05/09 21:06:01 {"callers":["/Users/xizhao/my-code/my-go-workspace/go-programming-tour/blog-service/main.go: 23 main.init.0"],"level":"error","message":"app.BindAndValid errs: State为必填字段","time":1652101561682712000}
2022/05/09 21:12:27 {"callers":["/Users/xizhao/my-code/my-go-workspace/go-programming-tour/blog-service/main.go: 23 main.init.0"],"level":"info","message":"test: go-programming-tour-book/blog-service","time":1652101947359274000}
2022/05/09 21:47:47 {"callers":["/Users/xizhao/my-code/my-go-workspace/go-programming-tour/blog-service/main.go: 23 main.init.0"],"level":"info","message":"test: go-programming-tour-book/blog-service","time":1652104067631189000}
2022/05/09 21:55:35 {"callers":["/Users/xizhao/my-code/my-go-workspace/go-programming-tour/blog-service/main.go: 23 main.init.0"],"level":"info","message":"test: go-programming-tour-book/blog-service","time":1652104535418061000}
2022/05/09 22:25:59 {"callers":["/Users/xizhao/my-code/my-go-workspace/go-programming-tour/blog-service/main.go: 23 main.init.0"],"level":"info","message":"test: go-programming-tour-book/blog-service","time":1652106359967297000}
2022/05/09 22:28:51 {"callers":["/Users/xizhao/my-code/my-go-workspace/go-programming-tour/blog-service/main.go: 23 main.init.0"],"level":"error","message":"app.BindAndValid errs: AppKey为必填字段,AppSecret为必填字段","time":1652106531345430000}
2022/05/09 22:29:31 {"callers":["/Users/xizhao/my-code/my-go-workspace/go-programming-tour/blog-service/main.go: 23 main.init.0"],"level":"error","message":"app.BindAndValid errs: AppKey为必填字段,AppSecret为必填字段","time":1652106571310378000}
2022/05/09 22:38:24 {"callers":["/Users/xizhao/my-code/my-go-workspace/go-programming-tour/blog-service/main.go: 23 main.init.0"],"level":"info","message":"test: go-programming-tour-book/blog-service","time":1652107104140622000}
